{"level":"INFO","time":"2025-11-15T22:05:45.933+0800","caller":"logger/logger.go:44","msg":"init logger success"}
{"level":"DEBUG","time":"2025-11-15T22:06:53.054+0800","caller":"controller/post.go:19","msg":"c.ShouldBindJSON(p) error","error":"json: invalid use of ,string struct tag, trying to unmarshal unquoted value into uint64"}
{"level":"ERROR","time":"2025-11-15T22:06:53.054+0800","caller":"controller/post.go:20","msg":"create post with invalid param","error":"json: invalid use of ,string struct tag, trying to unmarshal unquoted value into uint64"}
{"level":"INFO","time":"2025-11-15T22:06:53.054+0800","caller":"logger/logger.go:77","msg":"/api/v1/post","status":200,"method":"POST","path":"/api/v1/post","query":"","ip":"::1","user-agent":"PostmanRuntime/7.50.0","errors":"","cost":0.001091}
{"level":"INFO","time":"2025-11-15T22:12:38.969+0800","caller":"logger/logger.go:77","msg":"/api/v1/post","status":200,"method":"POST","path":"/api/v1/post","query":"","ip":"::1","user-agent":"PostmanRuntime/7.50.0","errors":"","cost":0.0493828}
{"level":"DEBUG","time":"2025-11-15T22:14:34.447+0800","caller":"service/vote.go:15","msg":"VoteForPost","userID":310423936921763841,"postID":311014619109916673,"direction":1}
{"level":"ERROR","time":"2025-11-15T22:14:34.449+0800","caller":"controller/vote.go:31","msg":"service.VoteForPost(userID, p) failed","error":"投票超时"}
{"level":"INFO","time":"2025-11-15T22:14:34.449+0800","caller":"logger/logger.go:77","msg":"/api/v1/vote","status":200,"method":"POST","path":"/api/v1/vote","query":"","ip":"::1","user-agent":"PostmanRuntime/7.50.0","errors":"","cost":0.0020918}
{"level":"INFO","time":"2025-11-15T22:15:59.368+0800","caller":"logger/logger.go:77","msg":"/api/v1/posts","status":200,"method":"GET","path":"/api/v1/posts","query":"","ip":"::1","user-agent":"PostmanRuntime/7.50.0","errors":"","cost":0.0401582}
{"level":"INFO","time":"2025-11-15T22:30:11.697+0800","caller":"logger/logger.go:44","msg":"init logger success"}
{"level":"INFO","time":"2025-11-15T22:30:23.372+0800","caller":"logger/logger.go:77","msg":"/api/v1/post","status":200,"method":"POST","path":"/api/v1/post","query":"","ip":"::1","user-agent":"PostmanRuntime/7.50.0","errors":"","cost":0.0069355}
{"level":"INFO","time":"2025-11-15T22:30:30.141+0800","caller":"logger/logger.go:77","msg":"/api/v1/posts","status":200,"method":"GET","path":"/api/v1/posts","query":"","ip":"::1","user-agent":"PostmanRuntime/7.50.0","errors":"","cost":0.0072435}
{"level":"DEBUG","time":"2025-11-15T22:31:11.575+0800","caller":"service/vote.go:15","msg":"VoteForPost","userID":310423936921763841,"postID":"311016404943896577","direction":1}
{"level":"INFO","time":"2025-11-15T22:31:11.576+0800","caller":"logger/logger.go:77","msg":"/api/v1/vote","status":200,"method":"POST","path":"/api/v1/vote","query":"","ip":"::1","user-agent":"PostmanRuntime/7.50.0","errors":"","cost":0.0019368}
{"level":"INFO","time":"2025-11-15T22:35:18.995+0800","caller":"logger/logger.go:77","msg":"/api/v1/vote","status":200,"method":"POST","path":"/api/v1/vote","query":"","ip":"::1","user-agent":"PostmanRuntime/7.50.0","errors":"","cost":0.0004057}
{"level":"DEBUG","time":"2025-11-15T22:35:30.855+0800","caller":"service/vote.go:15","msg":"VoteForPost","userID":310423936921763841,"postID":"311016404943896577","direction":-1}
{"level":"INFO","time":"2025-11-15T22:35:30.856+0800","caller":"logger/logger.go:77","msg":"/api/v1/vote","status":200,"method":"POST","path":"/api/v1/vote","query":"","ip":"::1","user-agent":"PostmanRuntime/7.50.0","errors":"","cost":0.0011196}
{"level":"INFO","time":"2025-11-15T22:35:50.931+0800","caller":"logger/logger.go:77","msg":"/api/v1/vote","status":200,"method":"POST","path":"/api/v1/vote","query":"","ip":"::1","user-agent":"PostmanRuntime/7.50.0","errors":"","cost":0}
{"level":"DEBUG","time":"2025-11-15T22:41:13.307+0800","caller":"service/vote.go:15","msg":"VoteForPost","userID":310423936921763841,"postID":"311016404943896577","direction":1}
{"level":"INFO","time":"2025-11-15T22:41:13.310+0800","caller":"logger/logger.go:77","msg":"/api/v1/vote","status":200,"method":"POST","path":"/api/v1/vote","query":"","ip":"::1","user-agent":"PostmanRuntime/7.50.0","errors":"","cost":0.0035212}
{"level":"DEBUG","time":"2025-11-15T22:41:26.667+0800","caller":"service/vote.go:15","msg":"VoteForPost","userID":310423936921763841,"postID":"311016404943896577","direction":1}
{"level":"INFO","time":"2025-11-15T22:41:26.668+0800","caller":"logger/logger.go:77","msg":"/api/v1/vote","status":200,"method":"POST","path":"/api/v1/vote","query":"","ip":"::1","user-agent":"PostmanRuntime/7.50.0","errors":"","cost":0.001031}
{"level":"INFO","time":"2025-11-15T22:58:55.388+0800","caller":"logger/logger.go:44","msg":"init logger success"}
{"level":"INFO","time":"2025-11-15T22:59:12.333+0800","caller":"logger/logger.go:77","msg":"/api/v1/vote","status":200,"method":"POST","path":"/api/v1/vote","query":"","ip":"::1","user-agent":"PostmanRuntime/7.50.0","errors":"","cost":0.0011033}
{"level":"INFO","time":"2025-11-15T23:00:46.422+0800","caller":"logger/logger.go:44","msg":"init logger success"}
{"level":"DEBUG","time":"2025-11-15T23:00:53.930+0800","caller":"service/vote.go:15","msg":"VoteForPost","userID":310423936921763841,"postID":"311016404943896577","direction":0}
{"level":"INFO","time":"2025-11-15T23:00:53.931+0800","caller":"logger/logger.go:77","msg":"/api/v1/vote","status":200,"method":"POST","path":"/api/v1/vote","query":"","ip":"::1","user-agent":"PostmanRuntime/7.50.0","errors":"","cost":0.0024559}
{"level":"INFO","time":"2025-11-16T22:30:37.406+0800","caller":"logger/logger.go:44","msg":"init logger success"}
{"level":"INFO","time":"2025-11-16T22:31:37.305+0800","caller":"logger/logger.go:77","msg":"/api/v1/posts2","status":200,"method":"GET","path":"/api/v1/posts2","query":"page=1&size=2&order=time","ip":"::1","user-agent":"PostmanRuntime/7.49.1","errors":"","cost":0.0816268}
{"level":"INFO","time":"2025-11-16T22:32:04.979+0800","caller":"logger/logger.go:77","msg":"/api/v1/posts2","status":200,"method":"GET","path":"/api/v1/posts2","query":"page=1&size=4&order=time","ip":"::1","user-agent":"PostmanRuntime/7.49.1","errors":"","cost":0.002448}
{"level":"INFO","time":"2025-11-16T22:53:45.068+0800","caller":"logger/logger.go:77","msg":"/api/v1/posts","status":200,"method":"GET","path":"/api/v1/posts","query":"","ip":"::1","user-agent":"PostmanRuntime/7.49.1","errors":"","cost":0.0078342}
{"level":"INFO","time":"2025-11-16T22:54:52.579+0800","caller":"logger/logger.go:77","msg":"/api/v1/post","status":200,"method":"POST","path":"/api/v1/post","query":"","ip":"::1","user-agent":"PostmanRuntime/7.49.1","errors":"","cost":0.0107546}
{"level":"INFO","time":"2025-11-16T22:55:16.092+0800","caller":"logger/logger.go:77","msg":"/api/v1/posts2","status":200,"method":"GET","path":"/api/v1/posts2","query":"page=1&size=2&order=time","ip":"::1","user-agent":"PostmanRuntime/7.49.1","errors":"","cost":0.0052747}
{"level":"INFO","time":"2025-11-16T22:56:26.244+0800","caller":"logger/logger.go:77","msg":"/api/v1/vote","status":200,"method":"POST","path":"/api/v1/vote","query":"","ip":"::1","user-agent":"PostmanRuntime/7.49.1","errors":"","cost":0}
{"level":"INFO","time":"2025-11-16T22:56:50.070+0800","caller":"logger/logger.go:77","msg":"/api/v1/login","status":200,"method":"POST","path":"/api/v1/login","query":"","ip":"::1","user-agent":"PostmanRuntime/7.49.1","errors":"","cost":0.1381605}
{"level":"DEBUG","time":"2025-11-16T22:57:45.122+0800","caller":"service/vote.go:15","msg":"VoteForPost","userID":0,"postID":"311016404943896577","direction":1}
{"level":"INFO","time":"2025-11-16T22:57:45.123+0800","caller":"logger/logger.go:77","msg":"/api/v1/vote","status":200,"method":"POST","path":"/api/v1/vote","query":"","ip":"::1","user-agent":"PostmanRuntime/7.49.1","errors":"","cost":0.001788}
{"level":"INFO","time":"2025-11-16T22:57:49.698+0800","caller":"logger/logger.go:77","msg":"/api/v1/posts2","status":200,"method":"GET","path":"/api/v1/posts2","query":"page=1&size=2&order=time","ip":"::1","user-agent":"PostmanRuntime/7.49.1","errors":"","cost":0.0039273}
{"level":"INFO","time":"2025-11-16T22:57:56.584+0800","caller":"logger/logger.go:77","msg":"/api/v1/posts2","status":200,"method":"GET","path":"/api/v1/posts2","query":"page=1&size=2&order=score","ip":"::1","user-agent":"PostmanRuntime/7.49.1","errors":"","cost":0.0037524}
{"level":"INFO","time":"2025-11-16T22:59:23.464+0800","caller":"logger/logger.go:77","msg":"/api/v1/posts2","status":200,"method":"GET","path":"/api/v1/posts2","query":"page=1&size=2&order=score","ip":"::1","user-agent":"PostmanRuntime/7.49.1","errors":"","cost":0.003888}
{"level":"INFO","time":"2025-11-16T23:23:11.649+0800","caller":"logger/logger.go:77","msg":"/api/v1/posts2","status":200,"method":"GET","path":"/api/v1/posts2","query":"page=1&size=2&order=%22score%22","ip":"::1","user-agent":"PostmanRuntime/7.49.1","errors":"","cost":0.0053838}
{"level":"INFO","time":"2025-11-16T23:23:29.874+0800","caller":"logger/logger.go:77","msg":"/api/v1/posts2","status":200,"method":"GET","path":"/api/v1/posts2","query":"page=1&size=2&order=%22score%22","ip":"::1","user-agent":"PostmanRuntime/7.49.1","errors":"","cost":0.0042691}
{"level":"INFO","time":"2025-11-16T23:23:49.342+0800","caller":"logger/logger.go:77","msg":"/api/v1/posts2","status":200,"method":"GET","path":"/api/v1/posts2","query":"page=1&size=2","ip":"::1","user-agent":"PostmanRuntime/7.49.1","errors":"","cost":0.004888}
{"level":"INFO","time":"2025-11-16T23:32:02.804+0800","caller":"logger/logger.go:44","msg":"init logger success"}
{"level":"INFO","time":"2025-11-16T23:32:12.983+0800","caller":"logger/logger.go:77","msg":"/api/v1/posts2","status":200,"method":"GET","path":"/api/v1/posts2","query":"page=1&size=2","ip":"::1","user-agent":"PostmanRuntime/7.49.1","errors":"","cost":0.0054411}
{"level":"INFO","time":"2025-11-16T23:32:23.029+0800","caller":"logger/logger.go:77","msg":"/api/v1/posts2","status":200,"method":"GET","path":"/api/v1/posts2","query":"page=1&size=2&order=score","ip":"::1","user-agent":"PostmanRuntime/7.49.1","errors":"","cost":0.0038989}
{"level":"INFO","time":"2025-11-16T23:32:30.785+0800","caller":"logger/logger.go:77","msg":"/api/v1/posts2","status":200,"method":"GET","path":"/api/v1/posts2","query":"page=1&size=2&order=%22score%22","ip":"::1","user-agent":"PostmanRuntime/7.49.1","errors":"","cost":0.0032816}
{"level":"INFO","time":"2025-11-16T23:33:34.190+0800","caller":"logger/logger.go:77","msg":"/api/v1/post","status":200,"method":"POST","path":"/api/v1/post","query":"","ip":"::1","user-agent":"PostmanRuntime/7.49.1","errors":"","cost":0.0187175}
{"level":"INFO","time":"2025-11-16T23:33:39.634+0800","caller":"logger/logger.go:77","msg":"/api/v1/post","status":200,"method":"POST","path":"/api/v1/post","query":"","ip":"::1","user-agent":"PostmanRuntime/7.49.1","errors":"","cost":0.0035017}
{"level":"ERROR","time":"2025-11-16T23:33:48.524+0800","caller":"service/post.go:91","msg":" mysql.GetUserByID(id) failed","author_id":0,"error":"用户不存在"}
{"level":"ERROR","time":"2025-11-16T23:33:48.525+0800","caller":"service/post.go:91","msg":" mysql.GetUserByID(id) failed","author_id":0,"error":"用户不存在"}
{"level":"INFO","time":"2025-11-16T23:33:48.526+0800","caller":"logger/logger.go:77","msg":"/api/v1/posts2","status":200,"method":"GET","path":"/api/v1/posts2","query":"page=1&size=2&order=%22score%22","ip":"::1","user-agent":"PostmanRuntime/7.49.1","errors":"","cost":0.0036972}
{"level":"ERROR","time":"2025-11-16T23:33:57.747+0800","caller":"service/post.go:91","msg":" mysql.GetUserByID(id) failed","author_id":0,"error":"用户不存在"}
{"level":"ERROR","time":"2025-11-16T23:33:57.748+0800","caller":"service/post.go:91","msg":" mysql.GetUserByID(id) failed","author_id":0,"error":"用户不存在"}
{"level":"INFO","time":"2025-11-16T23:33:57.748+0800","caller":"logger/logger.go:77","msg":"/api/v1/posts2","status":200,"method":"GET","path":"/api/v1/posts2","query":"page=1&size=2","ip":"::1","user-agent":"PostmanRuntime/7.49.1","errors":"","cost":0.0032244}
{"level":"ERROR","time":"2025-11-16T23:35:07.952+0800","caller":"service/post.go:91","msg":" mysql.GetUserByID(id) failed","author_id":0,"error":"用户不存在"}
{"level":"ERROR","time":"2025-11-16T23:35:07.953+0800","caller":"service/post.go:91","msg":" mysql.GetUserByID(id) failed","author_id":0,"error":"用户不存在"}
{"level":"INFO","time":"2025-11-16T23:35:07.957+0800","caller":"logger/logger.go:77","msg":"/api/v1/posts2","status":200,"method":"GET","path":"/api/v1/posts2","query":"","ip":"::1","user-agent":"PostmanRuntime/7.49.1","errors":"","cost":0.0068651}
{"level":"ERROR","time":"2025-11-16T23:35:26.732+0800","caller":"service/post.go:57","msg":" mysql.GetUserByID(id) failed","author_id":0,"error":"用户不存在"}
{"level":"ERROR","time":"2025-11-16T23:35:26.734+0800","caller":"service/post.go:57","msg":" mysql.GetUserByID(id) failed","author_id":0,"error":"用户不存在"}
{"level":"INFO","time":"2025-11-16T23:35:26.741+0800","caller":"logger/logger.go:77","msg":"/api/v1/posts","status":200,"method":"GET","path":"/api/v1/posts","query":"","ip":"::1","user-agent":"PostmanRuntime/7.49.1","errors":"","cost":0.0105297}
{"level":"INFO","time":"2025-11-16T23:36:02.879+0800","caller":"logger/logger.go:44","msg":"init logger success"}
{"level":"INFO","time":"2025-11-16T23:36:27.732+0800","caller":"logger/logger.go:77","msg":"/api/v1/post","status":200,"method":"POST","path":"/api/v1/post","query":"","ip":"::1","user-agent":"PostmanRuntime/7.49.1","errors":"","cost":0.0046614}
{"level":"INFO","time":"2025-11-16T23:36:42.262+0800","caller":"logger/logger.go:77","msg":"/api/v1/post","status":200,"method":"POST","path":"/api/v1/post","query":"","ip":"::1","user-agent":"PostmanRuntime/7.49.1","errors":"","cost":0.002526}
{"level":"ERROR","time":"2025-11-16T23:36:50.510+0800","caller":"service/post.go:57","msg":" mysql.GetUserByID(id) failed","author_id":0,"error":"用户不存在"}
{"level":"ERROR","time":"2025-11-16T23:36:50.511+0800","caller":"service/post.go:57","msg":" mysql.GetUserByID(id) failed","author_id":0,"error":"用户不存在"}
{"level":"ERROR","time":"2025-11-16T23:36:50.512+0800","caller":"service/post.go:57","msg":" mysql.GetUserByID(id) failed","author_id":0,"error":"用户不存在"}
{"level":"ERROR","time":"2025-11-16T23:36:50.512+0800","caller":"service/post.go:57","msg":" mysql.GetUserByID(id) failed","author_id":0,"error":"用户不存在"}
{"level":"INFO","time":"2025-11-16T23:36:50.520+0800","caller":"logger/logger.go:77","msg":"/api/v1/posts","status":200,"method":"GET","path":"/api/v1/posts","query":"","ip":"::1","user-agent":"PostmanRuntime/7.49.1","errors":"","cost":0.01249}
{"level":"ERROR","time":"2025-11-16T23:39:20.692+0800","caller":"service/post.go:57","msg":" mysql.GetUserByID(id) failed","author_id":0,"error":"用户不存在"}
{"level":"ERROR","time":"2025-11-16T23:39:20.693+0800","caller":"service/post.go:57","msg":" mysql.GetUserByID(id) failed","author_id":0,"error":"用户不存在"}
{"level":"INFO","time":"2025-11-16T23:39:20.693+0800","caller":"logger/logger.go:77","msg":"/api/v1/posts","status":200,"method":"GET","path":"/api/v1/posts","query":"page=1&size=2","ip":"::1","user-agent":"PostmanRuntime/7.49.1","errors":"","cost":0.0027301}
{"level":"INFO","time":"2025-11-16T23:43:53.387+0800","caller":"logger/logger.go:77","msg":"/api/v1/post","status":200,"method":"GET","path":"/api/v1/post","query":"","ip":"::1","user-agent":"PostmanRuntime/7.49.1","errors":"","cost":0}
{"level":"INFO","time":"2025-11-16T23:43:57.687+0800","caller":"logger/logger.go:77","msg":"/api/v1/post","status":200,"method":"POST","path":"/api/v1/post","query":"","ip":"::1","user-agent":"PostmanRuntime/7.49.1","errors":"","cost":0.0045894}
{"level":"INFO","time":"2025-11-16T23:44:02.221+0800","caller":"logger/logger.go:77","msg":"/api/v1/post","status":200,"method":"POST","path":"/api/v1/post","query":"","ip":"::1","user-agent":"PostmanRuntime/7.49.1","errors":"","cost":0.0030021}
{"level":"ERROR","time":"2025-11-16T23:44:07.502+0800","caller":"service/post.go:57","msg":" mysql.GetUserByID(id) failed","author_id":0,"error":"用户不存在"}
{"level":"ERROR","time":"2025-11-16T23:44:07.503+0800","caller":"service/post.go:57","msg":" mysql.GetUserByID(id) failed","author_id":0,"error":"用户不存在"}
{"level":"ERROR","time":"2025-11-16T23:44:07.504+0800","caller":"service/post.go:57","msg":" mysql.GetUserByID(id) failed","author_id":0,"error":"用户不存在"}
{"level":"ERROR","time":"2025-11-16T23:44:07.504+0800","caller":"service/post.go:57","msg":" mysql.GetUserByID(id) failed","author_id":0,"error":"用户不存在"}
{"level":"INFO","time":"2025-11-16T23:44:07.508+0800","caller":"logger/logger.go:77","msg":"/api/v1/posts","status":200,"method":"GET","path":"/api/v1/posts","query":"","ip":"::1","user-agent":"PostmanRuntime/7.49.1","errors":"","cost":0.009855}
{"level":"INFO","time":"2025-11-16T23:44:51.822+0800","caller":"logger/logger.go:77","msg":"/api/v1/posts","status":200,"method":"GET","path":"/api/v1/posts","query":"page=1&size=2","ip":"::1","user-agent":"PostmanRuntime/7.49.1","errors":"","cost":0.0034736}
{"level":"INFO","time":"2025-11-16T23:45:19.975+0800","caller":"logger/logger.go:77","msg":"/api/v1/posts","status":200,"method":"GET","path":"/api/v1/posts","query":"page=1&size=2","ip":"::1","user-agent":"PostmanRuntime/7.49.1","errors":"","cost":0.0033121}
{"level":"DEBUG","time":"2025-11-16T23:45:31.027+0800","caller":"service/vote.go:15","msg":"VoteForPost","userID":310423936921763841,"postID":"311168766090149889","direction":1}
{"level":"INFO","time":"2025-11-16T23:45:31.028+0800","caller":"logger/logger.go:77","msg":"/api/v1/vote","status":200,"method":"POST","path":"/api/v1/vote","query":"","ip":"::1","user-agent":"PostmanRuntime/7.49.1","errors":"","cost":0.0010555}
{"level":"DEBUG","time":"2025-11-16T23:45:33.908+0800","caller":"service/vote.go:15","msg":"VoteForPost","userID":310423936921763841,"postID":"311168766090149889","direction":1}
{"level":"INFO","time":"2025-11-16T23:45:33.909+0800","caller":"logger/logger.go:77","msg":"/api/v1/vote","status":200,"method":"POST","path":"/api/v1/vote","query":"","ip":"::1","user-agent":"PostmanRuntime/7.49.1","errors":"","cost":0.000508}
{"level":"ERROR","time":"2025-11-16T23:45:43.536+0800","caller":"service/post.go:57","msg":" mysql.GetUserByID(id) failed","author_id":0,"error":"用户不存在"}
{"level":"ERROR","time":"2025-11-16T23:45:43.537+0800","caller":"service/post.go:57","msg":" mysql.GetUserByID(id) failed","author_id":0,"error":"用户不存在"}
{"level":"ERROR","time":"2025-11-16T23:45:43.538+0800","caller":"service/post.go:57","msg":" mysql.GetUserByID(id) failed","author_id":0,"error":"用户不存在"}
{"level":"ERROR","time":"2025-11-16T23:45:43.539+0800","caller":"service/post.go:57","msg":" mysql.GetUserByID(id) failed","author_id":0,"error":"用户不存在"}
{"level":"INFO","time":"2025-11-16T23:45:43.543+0800","caller":"logger/logger.go:77","msg":"/api/v1/posts","status":200,"method":"GET","path":"/api/v1/posts","query":"","ip":"::1","user-agent":"PostmanRuntime/7.49.1","errors":"","cost":0.0118185}
{"level":"INFO","time":"2025-11-16T23:45:53.755+0800","caller":"logger/logger.go:77","msg":"/api/v1/posts","status":200,"method":"GET","path":"/api/v1/posts","query":"page=1&size=2","ip":"::1","user-agent":"PostmanRuntime/7.49.1","errors":"","cost":0.0035394}
{"level":"INFO","time":"2025-11-16T23:46:04.892+0800","caller":"logger/logger.go:77","msg":"/api/v1/posts","status":200,"method":"GET","path":"/api/v1/posts","query":"page=1&size=2&order=score","ip":"::1","user-agent":"PostmanRuntime/7.49.1","errors":"","cost":0.0024967}
{"level":"INFO","time":"2025-11-16T23:46:13.189+0800","caller":"logger/logger.go:77","msg":"/api/v1/posts","status":200,"method":"GET","path":"/api/v1/posts","query":"page=1&size=2&order=%22score%22","ip":"::1","user-agent":"PostmanRuntime/7.49.1","errors":"","cost":0.0028228}
{"level":"DEBUG","time":"2025-11-16T23:50:41.610+0800","caller":"service/vote.go:15","msg":"VoteForPost","userID":310423936921763841,"postID":"311168766090149889","direction":1}
{"level":"INFO","time":"2025-11-16T23:50:41.612+0800","caller":"logger/logger.go:77","msg":"/api/v1/vote","status":200,"method":"POST","path":"/api/v1/vote","query":"","ip":"::1","user-agent":"PostmanRuntime/7.49.1","errors":"","cost":0.0016656}
{"level":"INFO","time":"2025-11-16T23:51:04.693+0800","caller":"logger/logger.go:77","msg":"/api/v1/posts","status":200,"method":"POST","path":"/api/v1/posts","query":"page=1&size=2&order=score","ip":"::1","user-agent":"PostmanRuntime/7.49.1","errors":"","cost":0}
{"level":"INFO","time":"2025-11-16T23:51:11.279+0800","caller":"logger/logger.go:77","msg":"/api/v1/posts","status":200,"method":"GET","path":"/api/v1/posts","query":"page=1&size=2&order=score","ip":"::1","user-agent":"PostmanRuntime/7.49.1","errors":"","cost":0.0036861}
{"level":"INFO","time":"2025-11-16T23:51:19.566+0800","caller":"logger/logger.go:77","msg":"/api/v1/posts","status":200,"method":"GET","path":"/api/v1/posts","query":"page=1&size=2&order=%22score%22","ip":"::1","user-agent":"PostmanRuntime/7.49.1","errors":"","cost":0.00379}
{"level":"INFO","time":"2025-11-16T23:52:58.195+0800","caller":"logger/logger.go:77","msg":"/api/v1/posts","status":200,"method":"GET","path":"/api/v1/posts","query":"page=1&size=2&order=score","ip":"::1","user-agent":"PostmanRuntime/7.49.1","errors":"","cost":0.0041202}
{"level":"INFO","time":"2025-11-17T15:48:13.180+0800","caller":"logger/logger.go:44","msg":"init logger success"}
{"level":"INFO","time":"2025-11-17T15:49:01.482+0800","caller":"logger/logger.go:44","msg":"init logger success"}
{"level":"INFO","time":"2025-11-17T15:49:08.416+0800","caller":"logger/logger.go:77","msg":"/api/v1/posts","status":200,"method":"GET","path":"/api/v1/posts","query":"page=1&size=2&order=score","ip":"::1","user-agent":"PostmanRuntime/7.49.1","errors":"","cost":0.0368432}
{"level":"INFO","time":"2025-11-17T15:50:09.111+0800","caller":"logger/logger.go:77","msg":"/api/v1/posts2","status":200,"method":"GET","path":"/api/v1/posts2","query":"page=1&size=2&order=score","ip":"::1","user-agent":"PostmanRuntime/7.49.1","errors":"","cost":0.0048757}
{"level":"INFO","time":"2025-11-17T15:50:38.313+0800","caller":"logger/logger.go:77","msg":"/api/v1/posts2","status":200,"method":"GET","path":"/api/v1/posts2","query":"page=1&size=2&order=time","ip":"::1","user-agent":"PostmanRuntime/7.49.1","errors":"","cost":0.0026636}
{"level":"INFO","time":"2025-11-17T15:50:51.069+0800","caller":"logger/logger.go:77","msg":"/api/v1/posts2","status":200,"method":"GET","path":"/api/v1/posts2","query":"page=1&size=2&order=score","ip":"::1","user-agent":"PostmanRuntime/7.49.1","errors":"","cost":0.0025454}
{"level":"INFO","time":"2025-11-17T15:51:23.285+0800","caller":"logger/logger.go:77","msg":"/api/v1/post/311163824998711297","status":200,"method":"GET","path":"/api/v1/post/311163824998711297","query":"","ip":"::1","user-agent":"PostmanRuntime/7.49.1","errors":"","cost":0.0014999}
{"level":"INFO","time":"2025-11-17T22:18:48.294+0800","caller":"logger/logger.go:44","msg":"init logger success"}
{"level":"INFO","time":"2025-11-17T22:18:56.898+0800","caller":"logger/logger.go:77","msg":"/swagger/index.html","status":200,"method":"GET","path":"/swagger/index.html","query":"","ip":"::1","user-agent":"Mozilla/5.0 (Windows NT 10.0; Win64; x64) AppleWebKit/537.36 (KHTML, like Gecko) Chrome/142.0.0.0 Safari/537.36","errors":"","cost":0.0005242}
{"level":"INFO","time":"2025-11-17T22:18:56.911+0800","caller":"logger/logger.go:77","msg":"/swagger/index.css","status":200,"method":"GET","path":"/swagger/index.css","query":"","ip":"::1","user-agent":"Mozilla/5.0 (Windows NT 10.0; Win64; x64) AppleWebKit/537.36 (KHTML, like Gecko) Chrome/142.0.0.0 Safari/537.36","errors":"","cost":0}
{"level":"INFO","time":"2025-11-17T22:18:56.911+0800","caller":"logger/logger.go:77","msg":"/swagger/swagger-ui.css","status":200,"method":"GET","path":"/swagger/swagger-ui.css","query":"","ip":"::1","user-agent":"Mozilla/5.0 (Windows NT 10.0; Win64; x64) AppleWebKit/537.36 (KHTML, like Gecko) Chrome/142.0.0.0 Safari/537.36","errors":"","cost":0}
{"level":"INFO","time":"2025-11-17T22:18:56.924+0800","caller":"logger/logger.go:77","msg":"/swagger/swagger-ui-bundle.js","status":200,"method":"GET","path":"/swagger/swagger-ui-bundle.js","query":"","ip":"::1","user-agent":"Mozilla/5.0 (Windows NT 10.0; Win64; x64) AppleWebKit/537.36 (KHTML, like Gecko) Chrome/142.0.0.0 Safari/537.36","errors":"","cost":0.0114718}
{"level":"INFO","time":"2025-11-17T22:18:57.029+0800","caller":"logger/logger.go:77","msg":"/swagger/swagger-ui-standalone-preset.js","status":200,"method":"GET","path":"/swagger/swagger-ui-standalone-preset.js","query":"","ip":"::1","user-agent":"Mozilla/5.0 (Windows NT 10.0; Win64; x64) AppleWebKit/537.36 (KHTML, like Gecko) Chrome/142.0.0.0 Safari/537.36","errors":"","cost":0.0005085}
{"level":"INFO","time":"2025-11-17T22:18:57.033+0800","caller":"logger/logger.go:77","msg":"/swagger/swagger-initializer.js","status":200,"method":"GET","path":"/swagger/swagger-initializer.js","query":"","ip":"::1","user-agent":"Mozilla/5.0 (Windows NT 10.0; Win64; x64) AppleWebKit/537.36 (KHTML, like Gecko) Chrome/142.0.0.0 Safari/537.36","errors":"","cost":0}
{"level":"INFO","time":"2025-11-17T22:18:57.154+0800","caller":"logger/logger.go:77","msg":"/swagger/doc.json","status":200,"method":"GET","path":"/swagger/doc.json","query":"","ip":"::1","user-agent":"Mozilla/5.0 (Windows NT 10.0; Win64; x64) AppleWebKit/537.36 (KHTML, like Gecko) Chrome/142.0.0.0 Safari/537.36","errors":"","cost":0}
{"level":"INFO","time":"2025-11-17T22:18:57.220+0800","caller":"logger/logger.go:77","msg":"/swagger/favicon-32x32.png","status":200,"method":"GET","path":"/swagger/favicon-32x32.png","query":"","ip":"::1","user-agent":"Mozilla/5.0 (Windows NT 10.0; Win64; x64) AppleWebKit/537.36 (KHTML, like Gecko) Chrome/142.0.0.0 Safari/537.36","errors":"","cost":0}
